<?xml version="1.0" encoding="UTF-8"?>
<!-- Generated by org.testng.reporters.JUnitReportReporter -->
<testsuite skipped="0" hostname="WTIN05202438L" name="mavenProject.CodingAssignment.Phase1" tests="1" failures="0" timestamp="21 Nov 2020 18:35:11 GMT" time="10.325" errors="0">
  <testcase name="openBlog_WheatherPage" time="10.325" classname="mavenProject.CodingAssignment.Phase1"/>
</testsuite> <!-- mavenProject.CodingAssignment.Phase1 -->
