<?xml version="1.0" encoding="UTF-8"?>
<!-- Generated by org.testng.reporters.JUnitReportReporter -->
<testsuite hostname="WTIN05202438L" name="mavenProject.CodingAssignment.NewTest" tests="1" failures="0" timestamp="14 Nov 2020 15:40:23 GMT" time="6.796" errors="0">
  <testcase name="openBlog_WheatherPage" time="6.796" classname="mavenProject.CodingAssignment.NewTest"/>
</testsuite> <!-- mavenProject.CodingAssignment.NewTest -->
