<?xml version="1.0" encoding="UTF-8"?>
<!-- Generated by org.testng.reporters.JUnitReportReporter -->
<testsuite skipped="0" hostname="WTIN05202438L" name="mavenProject.CodingAssignment.Phase2" tests="1" failures="0" timestamp="21 Nov 2020 18:36:01 GMT" time="3.709" errors="0">
  <testcase name="getWheatherDetails" time="3.709" classname="mavenProject.CodingAssignment.Phase2"/>
</testsuite> <!-- mavenProject.CodingAssignment.Phase2 -->
