<?xml version="1.0" encoding="UTF-8"?>
<!-- Generated by org.testng.reporters.JUnitReportReporter -->
<testsuite skipped="0" hostname="WTIN05202438L" name="mavenProject.CodingAssignment.Phase3" tests="1" failures="0" timestamp="22 Nov 2020 13:41:18 GMT" time="28.807" errors="0">
  <testcase name="openBlog_WheatherPage" time="28.807" classname="mavenProject.CodingAssignment.Phase3"/>
</testsuite> <!-- mavenProject.CodingAssignment.Phase3 -->
